<?xml version="1.0" encoding="UTF-8"?>
<testng-results ignored="0" total="2" passed="2" failed="0" skipped="0">
  <reporter-output>
  </reporter-output>
  <suite started-at="2024-11-02T22:20:45 IST" name="Suite" finished-at="2024-11-02T22:21:00 IST" duration-ms="15288">
    <groups>
      <group name="errors">
        <method signature="ErrorValidation.loginError()[pri:0, instance:eCommerce.ErrorValidation@10289886]" name="loginError" class="eCommerce.ErrorValidation"/>
        <method signature="ErrorValidation.productError()[pri:0, instance:eCommerce.ErrorValidation@10289886]" name="productError" class="eCommerce.ErrorValidation"/>
      </group> <!-- errors -->
    </groups>
    <test started-at="2024-11-02T22:20:45 IST" name="Submit Order Test" finished-at="2024-11-02T22:20:45 IST" duration-ms="30">
    </test> <!-- Submit Order Test -->
    <test started-at="2024-11-02T22:20:45 IST" name="Error Validation Test" finished-at="2024-11-02T22:21:00 IST" duration-ms="15288">
      <class name="eCommerce.ErrorValidation">
        <test-method is-config="true" signature="launchApplication()[pri:0, instance:eCommerce.ErrorValidation@10289886]" started-at="2024-11-02T22:20:45 IST" name="launchApplication" finished-at="2024-11-02T22:20:50 IST" duration-ms="5186" status="PASS">
          <reporter-output>
          </reporter-output>
        </test-method> <!-- launchApplication -->
        <test-method signature="loginError()[pri:0, instance:eCommerce.ErrorValidation@10289886]" started-at="2024-11-02T22:20:50 IST" name="loginError" finished-at="2024-11-02T22:20:51 IST" duration-ms="885" status="PASS">
          <reporter-output>
          </reporter-output>
        </test-method> <!-- loginError -->
        <test-method is-config="true" signature="closeDriver()[pri:0, instance:eCommerce.ErrorValidation@10289886]" started-at="2024-11-02T22:20:51 IST" name="closeDriver" finished-at="2024-11-02T22:20:51 IST" duration-ms="271" status="PASS">
          <reporter-output>
          </reporter-output>
        </test-method> <!-- closeDriver -->
        <test-method is-config="true" signature="launchApplication()[pri:0, instance:eCommerce.ErrorValidation@10289886]" started-at="2024-11-02T22:20:51 IST" name="launchApplication" finished-at="2024-11-02T22:20:56 IST" duration-ms="4231" status="PASS">
          <reporter-output>
          </reporter-output>
        </test-method> <!-- launchApplication -->
        <test-method signature="productError()[pri:0, instance:eCommerce.ErrorValidation@10289886]" started-at="2024-11-02T22:20:56 IST" name="productError" finished-at="2024-11-02T22:21:00 IST" duration-ms="4268" status="PASS">
          <reporter-output>
          </reporter-output>
        </test-method> <!-- productError -->
        <test-method is-config="true" signature="closeDriver()[pri:0, instance:eCommerce.ErrorValidation@10289886]" started-at="2024-11-02T22:21:00 IST" name="closeDriver" finished-at="2024-11-02T22:21:00 IST" duration-ms="324" status="PASS">
          <reporter-output>
          </reporter-output>
        </test-method> <!-- closeDriver -->
      </class> <!-- eCommerce.ErrorValidation -->
    </test> <!-- Error Validation Test -->
  </suite> <!-- Suite -->
</testng-results>
